# JRE version: OpenJDK Runtime Environment (8.0_181-b13) (build 1.8.0_181-8u181-b13-1ubuntu0.16.04.1-b13)
# Java VM: OpenJDK 64-Bit Server VM (25.181-b13 mixed mode linux-amd64 compressed oops)
Heap:
 PSYoungGen      total 1433088K, used 233075K [0x0000000715580000, 0x00000007abd80000, 0x00000007c0000000)
  eden space 734208K, 0% used [0x0000000715580000,0x0000000715580000,0x0000000742280000)
  from space 698880K, 33% used [0x0000000742280000,0x000000075061cee8,0x000000076cd00000)
  to   space 793600K, 0% used [0x000000077b680000,0x000000077b680000,0x00000007abd80000)
 ParOldGen       total 2023424K, used 2023309K [0x00000005c0000000, 0x000000063b800000, 0x0000000715580000)
  object space 2023424K, 99% used [0x00000005c0000000,0x000000063b7e3510,0x000000063b800000)
 Metaspace       used 18300K, capacity 18888K, committed 18944K, reserved 1067008K
  class space    used 2109K, capacity 2284K, committed 2304K, reserved 1048576K
GC Heap History (10 events):
Event: 26.039 GC heap after
Heap after GC invocations=20 (full 4):
 PSYoungGen      total 1219584K, used 246336K [0x0000000715580000, 0x0000000782080000, 0x00000007c0000000)
  eden space 734208K, 0% used [0x0000000715580000,0x0000000715580000,0x0000000742280000)
  from space 485376K, 50% used [0x0000000764680000,0x0000000773710010,0x0000000782080000)
  to   space 523264K, 0% used [0x0000000742280000,0x0000000742280000,0x0000000762180000)
 ParOldGen       total 1433600K, used 1192983K [0x00000005c0000000, 0x0000000617800000, 0x0000000715580000)
  object space 1433600K, 83% used [0x00000005c0000000,0x0000000608d05e58,0x0000000617800000)
 Metaspace       used 17289K, capacity 17726K, committed 17792K, reserved 1064960K
  class space    used 2008K, capacity 2159K, committed 2176K, reserved 1048576K
}
Event: 38.451 GC heap before
{Heap before GC invocations=21 (full 4):
 PSYoungGen      total 1219584K, used 980544K [0x0000000715580000, 0x0000000782080000, 0x00000007c0000000)
  eden space 734208K, 100% used [0x0000000715580000,0x0000000742280000,0x0000000742280000)
  from space 485376K, 50% used [0x0000000764680000,0x0000000773710010,0x0000000782080000)
  to   space 523264K, 0% used [0x0000000742280000,0x0000000742280000,0x0000000762180000)
 ParOldGen       total 1433600K, used 1192983K [0x00000005c0000000, 0x0000000617800000, 0x0000000715580000)
  object space 1433600K, 83% used [0x00000005c0000000,0x0000000608d05e58,0x0000000617800000)
 Metaspace       used 18064K, capacity 18600K, committed 18688K, reserved 1064960K
  class space    used 2085K, capacity 2252K, committed 2304K, reserved 1048576K
Event: 38.873 GC heap after
Heap after GC invocations=21 (full 4):
 PSYoungGen      total 1257472K, used 435582K [0x0000000715580000, 0x000000078f880000, 0x00000007c0000000)
  eden space 734208K, 0% used [0x0000000715580000,0x0000000715580000,0x0000000742280000)
  from space 523264K, 83% used [0x0000000742280000,0x000000075cbdfab8,0x0000000762180000)
  to   space 568832K, 0% used [0x000000076cd00000,0x000000076cd00000,0x000000078f880000)
 ParOldGen       total 1433600K, used 1299367K [0x00000005c0000000, 0x0000000617800000, 0x0000000715580000)
  object space 1433600K, 90% used [0x00000005c0000000,0x000000060f4e9e58,0x0000000617800000)
 Metaspace       used 18064K, capacity 18600K, committed 18688K, reserved 1064960K
  class space    used 2085K, capacity 2252K, committed 2304K, reserved 1048576K
}
Event: 38.873 GC heap before
{Heap before GC invocations=22 (full 5):
 PSYoungGen      total 1257472K, used 435582K [0x0000000715580000, 0x000000078f880000, 0x00000007c0000000)
  eden space 734208K, 0% used [0x0000000715580000,0x0000000715580000,0x0000000742280000)
  from space 523264K, 83% used [0x0000000742280000,0x000000075cbdfab8,0x0000000762180000)
  to   space 568832K, 0% used [0x000000076cd00000,0x000000076cd00000,0x000000078f880000)
 ParOldGen       total 1433600K, used 1299367K [0x00000005c0000000, 0x0000000617800000, 0x0000000715580000)
  object space 1433600K, 90% used [0x00000005c0000000,0x000000060f4e9e58,0x0000000617800000)
 Metaspace       used 18064K, capacity 18600K, committed 18688K, reserved 1064960K
  class space    used 2085K, capacity 2252K, committed 2304K, reserved 1048576K
Event: 44.439 GC heap after
Heap after GC invocations=22 (full 5):
 PSYoungGen      total 1257472K, used 299435K [0x0000000715580000, 0x000000078f880000, 0x00000007c0000000)
  eden space 734208K, 0% used [0x0000000715580000,0x0000000715580000,0x0000000742280000)
  from space 523264K, 57% used [0x0000000742280000,0x00000007546ead48,0x0000000762180000)
  to   space 568832K, 0% used [0x000000076cd00000,0x000000076cd00000,0x000000078f880000)
 ParOldGen       total 2023424K, used 1433433K [0x00000005c0000000, 0x000000063b800000, 0x0000000715580000)
  object space 2023424K, 70% used [0x00000005c0000000,0x00000006177d64e0,0x000000063b800000)
 Metaspace       used 18064K, capacity 18600K, committed 18688K, reserved 1064960K
  class space    used 2085K, capacity 2252K, committed 2304K, reserved 1048576K
}
Event: 46.290 GC heap before
{Heap before GC invocations=23 (full 5):
 PSYoungGen      total 1257472K, used 1033643K [0x0000000715580000, 0x000000078f880000, 0x00000007c0000000)
  eden space 734208K, 100% used [0x0000000715580000,0x0000000742280000,0x0000000742280000)
  from space 523264K, 57% used [0x0000000742280000,0x00000007546ead48,0x0000000762180000)
  to   space 568832K, 0% used [0x000000076cd00000,0x000000076cd00000,0x000000078f880000)
 ParOldGen       total 2023424K, used 1433433K [0x00000005c0000000, 0x000000063b800000, 0x0000000715580000)
  object space 2023424K, 70% used [0x00000005c0000000,0x00000006177d64e0,0x000000063b800000)
 Metaspace       used 18064K, capacity 18600K, committed 18688K, reserved 1064960K
  class space    used 2085K, capacity 2252K, committed 2304K, reserved 1048576K
Event: 48.631 GC heap after
Heap after GC invocations=23 (full 5):
 PSYoungGen      total 1303040K, used 568832K [0x0000000715580000, 0x000000079f800000, 0x00000007c0000000)
  eden space 734208K, 0% used [0x0000000715580000,0x0000000715580000,0x0000000742280000)
  from space 568832K, 100% used [0x000000076cd00000,0x000000078f880000,0x000000078f880000)
  to   space 698880K, 0% used [0x0000000742280000,0x0000000742280000,0x000000076cd00000)
 ParOldGen       total 2023424K, used 1554185K [0x00000005c0000000, 0x000000063b800000, 0x0000000715580000)
  object space 2023424K, 76% used [0x00000005c0000000,0x000000061edc2510,0x000000063b800000)
 Metaspace       used 18064K, capacity 18600K, committed 18688K, reserved 1064960K
  class space    used 2085K, capacity 2252K, committed 2304K, reserved 1048576K
}
Event: 50.496 GC heap before
{Heap before GC invocations=24 (full 5):
 PSYoungGen      total 1303040K, used 1303040K [0x0000000715580000, 0x000000079f800000, 0x00000007c0000000)
  eden space 734208K, 100% used [0x0000000715580000,0x0000000742280000,0x0000000742280000)
  from space 568832K, 100% used [0x000000076cd00000,0x000000078f880000,0x000000078f880000)
  to   space 698880K, 0% used [0x0000000742280000,0x0000000742280000,0x000000076cd00000)
 ParOldGen       total 2023424K, used 1554185K [0x00000005c0000000, 0x000000063b800000, 0x0000000715580000)
  object space 2023424K, 76% used [0x00000005c0000000,0x000000061edc2510,0x000000063b800000)
 Metaspace       used 18300K, capacity 18888K, committed 18944K, reserved 1067008K
  class space    used 2109K, capacity 2284K, committed 2304K, reserved 1048576K
Event: 51.814 GC heap after
Heap after GC invocations=24 (full 5):
 PSYoungGen      total 1433088K, used 661992K [0x0000000715580000, 0x00000007abd80000, 0x00000007c0000000)
  eden space 734208K, 0% used [0x0000000715580000,0x0000000715580000,0x0000000742280000)
  from space 698880K, 94% used [0x0000000742280000,0x000000076a8fa270,0x000000076cd00000)
  to   space 793600K, 0% used [0x000000077b680000,0x000000077b680000,0x00000007abd80000)
 ParOldGen       total 2023424K, used 1925981K [0x00000005c0000000, 0x000000063b800000, 0x0000000715580000)
  object space 2023424K, 95% used [0x00000005c0000000,0x00000006358d7540,0x000000063b800000)
 Metaspace       used 18300K, capacity 18888K, committed 18944K, reserved 1067008K
  class space    used 2109K, capacity 2284K, committed 2304K, reserved 1048576K
}
Event: 51.814 GC heap before
{Heap before GC invocations=25 (full 6):
 PSYoungGen      total 1433088K, used 661992K [0x0000000715580000, 0x00000007abd80000, 0x00000007c0000000)
  eden space 734208K, 0% used [0x0000000715580000,0x0000000715580000,0x0000000742280000)
  from space 698880K, 94% used [0x0000000742280000,0x000000076a8fa270,0x000000076cd00000)
  to   space 793600K, 0% used [0x000000077b680000,0x000000077b680000,0x00000007abd80000)
 ParOldGen       total 2023424K, used 1925981K [0x00000005c0000000, 0x000000063b800000, 0x0000000715580000)
  object space 2023424K, 95% used [0x00000005c0000000,0x00000006358d7540,0x000000063b800000)
 Metaspace       used 18300K, capacity 18888K, committed 18944K, reserved 1067008K
  class space    used 2109K, capacity 2284K, committed 2304K, reserved 1048576K

